G:\visual studio\Common7\IDE\VC\VCTargets\Microsoft.CppBuild.targets(391,5): warning MSB8028: The intermediate directory (x64\Debug\) contains files shared from another project (homework_p1.vcxproj).  This can lead to incorrect clean and rebuild behavior.
  stdafx.cpp
  homework_p1.cpp
e:\大三上各种数据\图像处理技术-imageprocess\p1\project\homework_p1\homework_p1\homework_p1.cpp(158): warning C4244: '=': conversion from 'double' to 'uchar', possible loss of data
e:\大三上各种数据\图像处理技术-imageprocess\p1\project\homework_p1\homework_p1\homework_p1.cpp(159): warning C4244: '=': conversion from 'double' to 'uchar', possible loss of data
e:\大三上各种数据\图像处理技术-imageprocess\p1\project\homework_p1\homework_p1\homework_p1.cpp(160): warning C4244: '=': conversion from 'double' to 'uchar', possible loss of data
e:\大三上各种数据\图像处理技术-imageprocess\p1\project\homework_p1\homework_p1\homework_p1.cpp(171): warning C4244: '+=': conversion from 'double' to 'uchar', possible loss of data
e:\大三上各种数据\图像处理技术-imageprocess\p1\project\homework_p1\homework_p1\homework_p1.cpp(172): warning C4244: '+=': conversion from 'double' to 'uchar', possible loss of data
e:\大三上各种数据\图像处理技术-imageprocess\p1\project\homework_p1\homework_p1\homework_p1.cpp(173): warning C4244: '+=': conversion from 'double' to 'uchar', possible loss of data
e:\大三上各种数据\图像处理技术-imageprocess\p1\project\homework_p1\homework_p1\homework_p1.cpp(203): warning C4244: '=': conversion from 'double' to 'uchar', possible loss of data
e:\大三上各种数据\图像处理技术-imageprocess\p1\project\homework_p1\homework_p1\homework_p1.cpp(204): warning C4244: '=': conversion from 'double' to 'uchar', possible loss of data
e:\大三上各种数据\图像处理技术-imageprocess\p1\project\homework_p1\homework_p1\homework_p1.cpp(205): warning C4244: '=': conversion from 'double' to 'uchar', possible loss of data
e:\大三上各种数据\图像处理技术-imageprocess\p1\project\homework_p1\homework_p1\homework_p1.cpp(216): warning C4244: '+=': conversion from 'double' to 'uchar', possible loss of data
e:\大三上各种数据\图像处理技术-imageprocess\p1\project\homework_p1\homework_p1\homework_p1.cpp(217): warning C4244: '+=': conversion from 'double' to 'uchar', possible loss of data
e:\大三上各种数据\图像处理技术-imageprocess\p1\project\homework_p1\homework_p1\homework_p1.cpp(218): warning C4244: '+=': conversion from 'double' to 'uchar', possible loss of data
e:\大三上各种数据\图像处理技术-imageprocess\p1\project\homework_p1\homework_p1\homework_p1.cpp(313): warning C4244: '+=': conversion from 'double' to 'uchar', possible loss of data
e:\大三上各种数据\图像处理技术-imageprocess\p1\project\homework_p1\homework_p1\homework_p1.cpp(314): warning C4244: '+=': conversion from 'double' to 'uchar', possible loss of data
e:\大三上各种数据\图像处理技术-imageprocess\p1\project\homework_p1\homework_p1\homework_p1.cpp(315): warning C4244: '+=': conversion from 'double' to 'uchar', possible loss of data
e:\大三上各种数据\图像处理技术-imageprocess\p1\project\homework_p1\homework_p1\homework_p1.cpp(366): warning C4101: 'tmp': unreferenced local variable
e:\大三上各种数据\图像处理技术-imageprocess\p1\project\homework_p1\homework_p1\homework_p1.cpp(681): warning C4101: 'n2': unreferenced local variable
e:\大三上各种数据\图像处理技术-imageprocess\p1\project\homework_p1\homework_p1\homework_p1.cpp(681): warning C4101: 'n1': unreferenced local variable
e:\大三上各种数据\图像处理技术-imageprocess\p1\project\homework_p1\homework_p1\homework_p1.cpp(681): warning C4101: 'n3': unreferenced local variable
e:\大三上各种数据\图像处理技术-imageprocess\p1\project\homework_p1\homework_p1\homework_p1.cpp(694): warning C4101: 'n2': unreferenced local variable
e:\大三上各种数据\图像处理技术-imageprocess\p1\project\homework_p1\homework_p1\homework_p1.cpp(694): warning C4101: 'n1': unreferenced local variable
e:\大三上各种数据\图像处理技术-imageprocess\p1\project\homework_p1\homework_p1\homework_p1.cpp(694): warning C4101: 'n3': unreferenced local variable
e:\大三上各种数据\图像处理技术-imageprocess\p1\project\homework_p1\homework_p1\homework_p1.cpp(747): warning C4101: 'n2': unreferenced local variable
e:\大三上各种数据\图像处理技术-imageprocess\p1\project\homework_p1\homework_p1\homework_p1.cpp(747): warning C4101: 'n1': unreferenced local variable
e:\大三上各种数据\图像处理技术-imageprocess\p1\project\homework_p1\homework_p1\homework_p1.cpp(747): warning C4101: 'n3': unreferenced local variable
e:\大三上各种数据\图像处理技术-imageprocess\p1\project\homework_p1\homework_p1\homework_p1.cpp(763): warning C4101: 'n2': unreferenced local variable
e:\大三上各种数据\图像处理技术-imageprocess\p1\project\homework_p1\homework_p1\homework_p1.cpp(763): warning C4101: 'n1': unreferenced local variable
e:\大三上各种数据\图像处理技术-imageprocess\p1\project\homework_p1\homework_p1\homework_p1.cpp(763): warning C4101: 'n3': unreferenced local variable
e:\大三上各种数据\图像处理技术-imageprocess\p1\project\homework_p1\homework_p1\homework_p1.cpp(787): warning C4101: 'n2': unreferenced local variable
e:\大三上各种数据\图像处理技术-imageprocess\p1\project\homework_p1\homework_p1\homework_p1.cpp(787): warning C4101: 'n1': unreferenced local variable
e:\大三上各种数据\图像处理技术-imageprocess\p1\project\homework_p1\homework_p1\homework_p1.cpp(787): warning C4101: 'n3': unreferenced local variable
  homework_p1.vcxproj -> E:\大三上各种数据\图像处理技术-imageprocess\p1\project\homework_p1\x64\Debug\exposure.exe
